Arguments: 
  /usr/local/Cellar/node/9.10.1/bin/node /usr/local/Cellar/yarn/1.5.1_1/libexec/bin/yarn.js run reinstll

PATH: 
  /anaconda3/bin:/Users/jonaslaux/bin:/usr/local/bin:/Library/Frameworks/Python.framework/Versions/3.6/bin:/usr/local/bin:/usr/bin:/bin:/usr/sbin:/sbin:/Library/TeX/texbin:/usr/local/bin:/Users/jonaslaux/Library/Android/sdk/tools:/Users/jonaslaux/Library/Android/sdk/platform-tools

Yarn version: 
  1.5.1

Node version: 
  9.10.1

Platform: 
  darwin x64

npm manifest: 
  {
    "name": "anyline-cordova-example",
    "version": "3.24.0",
    "description": "Cordova plugin for implementing Anyline",
    "main": "index.js",
    "scripts": {
      "test": "echo \"Error: no test specified\" && exit 1",
      "reinstall": "cordova platform remove android && cordova plugin remove io-anyline-cordova && cordova platform add android@latest && cordova plugin add ../plugin",
      "reinstall-ios": "cordova platform remove ios && cordova plugin remove io-anyline-cordova && cordova platform add ios@latest && cordova plugin add ../plugin",
      "overwrite": "rm -R ../src/android/io && rm -R ../src/android/res && cp -R platforms/android/src/io ../src/android/ && cp -R platforms/android/res ../src/android",
      "overwrite-ios": "rm -R ../src/ios/io && rm -R ../src/ios/res && cp -R platforms/ios/src/io ../src/android/ && cp -R platforms/ios/res ../src/ios",
      "OandR": "npm run overwrite && npm run reinstall",
      "OandR-ios": "npm run overwrite-ios && npm run reinstall-ios",
      "cleanUp": "cordova platform remove android && cordova platform remove ios && cordova plugin remove io-anyline-cordova"
    },
    "author": "Jonas Laux | Daniel Albertini",
    "license": "ISC",
    "cordova": {
      "platforms": [
        "android"
      ],
      "plugins": {
        "io-anyline-cordova": {}
      }
    },
    "dependencies": {
      "cordova-android": "^7.1.0",
      "io-anyline-cordova": "file:../plugin"
    }
  }

yarn manifest: 
  No manifest

Lockfile: 
  # THIS IS AN AUTOGENERATED FILE. DO NOT EDIT THIS FILE DIRECTLY.
  # yarn lockfile v1

Trace: 
  Error: Command "reinstll" not found. Did you mean "reinstall"?
      at new MessageError (/usr/local/Cellar/yarn/1.5.1_1/libexec/lib/cli.js:186:110)
      at /usr/local/Cellar/yarn/1.5.1_1/libexec/lib/cli.js:87307:17
      at Generator.next (<anonymous>)
      at step (/usr/local/Cellar/yarn/1.5.1_1/libexec/lib/cli.js:98:30)
      at /usr/local/Cellar/yarn/1.5.1_1/libexec/lib/cli.js:116:14
      at new Promise (<anonymous>)
      at new F (/usr/local/Cellar/yarn/1.5.1_1/libexec/lib/cli.js:23451:28)
      at /usr/local/Cellar/yarn/1.5.1_1/libexec/lib/cli.js:95:12
      at runCommand (/usr/local/Cellar/yarn/1.5.1_1/libexec/lib/cli.js:87312:22)
      at Object.<anonymous> (/usr/local/Cellar/yarn/1.5.1_1/libexec/lib/cli.js:87412:14)
