0 info it worked if it ends with ok
1 verbose cli [ '/usr/local/bin/node', '/usr/local/bin/npm', 'publish' ]
2 info using npm@3.10.10
3 info using node@v7.2.1
4 verbose publish [ '.' ]
5 silly cache add args [ '.', null ]
6 verbose cache add spec .
7 silly cache add parsed spec Result {
7 silly cache add   raw: '.',
7 silly cache add   scope: null,
7 silly cache add   escapedName: null,
7 silly cache add   name: null,
7 silly cache add   rawSpec: '.',
7 silly cache add   spec: '/Users/jonesBoi/Anyline/NewStuff/anyline-ocr-cordova-module',
7 silly cache add   type: 'directory' }
8 verbose addLocalDirectory /Users/jonesBoi/.npm/io-anyline-cordova/3.9.0-2/package.tgz not in flight; packing
9 verbose correctMkdir /Users/jonesBoi/.npm correctMkdir not in flight; initializing
10 info lifecycle io-anyline-cordova@3.9.0-2~prepublish: io-anyline-cordova@3.9.0-2
11 silly lifecycle io-anyline-cordova@3.9.0-2~prepublish: no script for prepublish, continuing
12 verbose tar pack [ '/Users/jonesBoi/.npm/io-anyline-cordova/3.9.0-2/package.tgz',
12 verbose tar pack   '/Users/jonesBoi/Anyline/NewStuff/anyline-ocr-cordova-module' ]
13 verbose tarball /Users/jonesBoi/.npm/io-anyline-cordova/3.9.0-2/package.tgz
14 verbose folder /Users/jonesBoi/Anyline/NewStuff/anyline-ocr-cordova-module
15 verbose addLocalTarball adding from inside cache /Users/jonesBoi/.npm/io-anyline-cordova/3.9.0-2/package.tgz
16 verbose correctMkdir /Users/jonesBoi/.npm correctMkdir not in flight; initializing
17 silly cache afterAdd io-anyline-cordova@3.9.0-2
18 verbose afterAdd /Users/jonesBoi/.npm/io-anyline-cordova/3.9.0-2/package/package.json not in flight; writing
19 verbose correctMkdir /Users/jonesBoi/.npm correctMkdir not in flight; initializing
20 verbose afterAdd /Users/jonesBoi/.npm/io-anyline-cordova/3.9.0-2/package/package.json written
21 silly publish { name: 'io-anyline-cordova',
21 silly publish   version: '3.9.0-2',
21 silly publish   description: 'The cordova plugin for the Anyline SDK',
21 silly publish   cordova: { id: 'io-anyline-cordova', platforms: [ 'ios', 'android' ] },
21 silly publish   keywords: [ 'ecosystem:cordova', 'cordova-ios', 'cordova-android' ],
21 silly publish   author: { name: 'Anyline GmbH' },
21 silly publish   license: 'SEE LICENSE IN LICENSE',
21 silly publish   readme: '## Anyline SDK Cordova Plugin ##\n\nAnyline provides an easy-to-use SDK for applications to enable Optical Character Recognition (OCR) on mobile devices.\n\n### Available Modules\n- [**Barcode:**](https://documentation.anyline.io/#modules)  Scan 23 types of international barcode & QR code formats.\n- [**Energy:**](https://documentation.anyline.io/#energy) Scan meter readings of various electric, gas, and water meters.\n- [**MRZ:**](https://documentation.anyline.io/#mrz)  Reliable scanning of data from passports\' and IDs\' machine readable zones (MRZ)\n- [**Anyline OCR:**](https://documentation.anyline.io/#anyline-ocr) Create a custom use case with LINE or GRID recognition\n\n### Requirements\n\n#### Android\n- Android device with SDK >= 15\n- decent camera functionality (recommended: 720p and adequate auto focus)\n\n#### iOS\n- minimum iOS 8.2\n- minimum iPhone4s\n\n\n### Quick Start - Setup\nThis is just a simple setup guide to integrate the anylinesdk-plugin in an existing Cordova project.<br/>\nFor more information about Cordova, how to use plugins, etc. see <a target="_blank" href="https://cordova.apache.org/">https://cordova.apache.org/</a>.\n\n###### 1. Add the anylinesdk-plugin to your existing cordova project\n```\ncordova plugin add io-anyline-cordova\n```\n\nOr use plugman. E.g. for android:  \n\n```\nplugman install --platform android --project platforms/android --plugin io-anyline-cordova\n```\n\nIf you\'d like to clone the repository you will have to use git-lfs. Use the following commands to install git-lfs.\n```\nbrew install git-lfs\ngit lfs install\n```\nIf you prefer downloading a package, use the provided `zip` package on the [releases page](https://github.com/Anyline/anyline-ocr-cordova-module/releases). Be aware that the github download zip button does not work for projects with git-lfs.\n\n\n\n\n###### 2. Plugin Usage\n\n```javaScript\ncordova.exec(onResult, onError, "AnylineSDK", scanMode, config);\n```\n\n- <b>onResult</b>: a function that is called on a scan result\n- <b>onError</b>: a function that is called on error or when the user canceled the scanning\n- <b>AnylineSDK</b>: add this *string* to make sure the anyline-sdk plugin is called\n- <b>scanMode</b>: "<i>MRZ</i>", "<i>BARCODE</i>", "<i>ANYLINE_OCR</i>", "<i>ELECTRIC_METER</i>", "<i>GAS_METER</i>" (more Energy modes can be found [here](https://documentation.anyline.io/#energy))\n- <b>config</b>: an array\n    * <b>config[0]</b>: the license key\n    * <b>config[1]</b>: the [view config](https://documentation.anyline.io/#anyline-config)\n    * <b>config[2]</b>: the [ocr config](https://documentation.anyline.io/#anyline-ocr) (only uses with mode ANYLINE_OCR)\n\n\n> Example for **config** from MRZ:\n\n```json\n[\n    "YOUR_LICENSE_KEY",\n    {\n        "captureResolution": "1080p",\n        "cutout": {\n            "style": "rect",\n            "maxWidthPercent": "90%",\n            "maxHeightPercent": "90%",\n            "alignment": "top_half",\n            "strokeWidth": 2,\n            "cornerRadius": 4,\n            "strokeColor": "FFFFFF",\n            "outerColor": "000000",\n            "outerAlpha": 0.3\n        },\n        "flash": {\n            "mode": "manual",\n            "alignment": "bottom_right"\n        },\n        "beepOnResult": true,\n        "vibrateOnResult": true,\n        "blinkAnimationOnResult": true,\n        "cancelOnResult": true\n    }\n]\n```\n\n\n###### 3. Run your cordova project: Enjoy scanning and have fun :)\n\nCheckout our <a href="https://documentation.anyline.io/">online documentation</a>  for more details.\n\n\n## License\n\nSee LICENSE file.\n',
21 silly publish   readmeFilename: 'README.md',
21 silly publish   gitHead: 'c21c5b4004f8c58a749fab56040d603de53f3bd9',
21 silly publish   _id: 'io-anyline-cordova@3.9.0-2',
21 silly publish   scripts: {},
21 silly publish   _shasum: 'be7496e1c479317720c0f47c3be47ede798e414a',
21 silly publish   _from: '.' }
22 verbose getPublishConfig undefined
23 silly mapToRegistry name io-anyline-cordova
24 silly mapToRegistry using default registry
25 silly mapToRegistry registry https://registry.npmjs.org/
26 silly mapToRegistry data Result {
26 silly mapToRegistry   raw: 'io-anyline-cordova',
26 silly mapToRegistry   scope: null,
26 silly mapToRegistry   escapedName: 'io-anyline-cordova',
26 silly mapToRegistry   name: 'io-anyline-cordova',
26 silly mapToRegistry   rawSpec: '',
26 silly mapToRegistry   spec: 'latest',
26 silly mapToRegistry   type: 'tag' }
27 silly mapToRegistry uri https://registry.npmjs.org/io-anyline-cordova
28 verbose publish registryBase https://registry.npmjs.org/
29 silly publish uploading /Users/jonesBoi/.npm/io-anyline-cordova/3.9.0-2/package.tgz
30 verbose request uri https://registry.npmjs.org/io-anyline-cordova
31 verbose request sending authorization for write operation
32 info attempt registry request try #1 at 18:34:24
33 verbose request using bearer token for auth
34 verbose request id 328391df7810e28e
35 http request PUT https://registry.npmjs.org/io-anyline-cordova
36 http 403 https://registry.npmjs.org/io-anyline-cordova
37 verbose headers { 'content-type': 'application/json',
37 verbose headers   'cache-control': 'max-age=300',
37 verbose headers   'content-length': '97',
37 verbose headers   'accept-ranges': 'bytes',
37 verbose headers   date: 'Fri, 17 Mar 2017 17:35:35 GMT',
37 verbose headers   via: '1.1 varnish',
37 verbose headers   connection: 'keep-alive',
37 verbose headers   'x-served-by': 'cache-fra1220-FRA',
37 verbose headers   'x-cache': 'MISS',
37 verbose headers   'x-cache-hits': '0',
37 verbose headers   'x-timer': 'S1489772065.177959,VS0,VE70667',
37 verbose headers   vary: 'Accept-Encoding' }
38 verbose request invalidating /Users/jonesBoi/.npm/registry.npmjs.org/io-anyline-cordova on PUT
39 error publish Failed PUT 403
40 verbose stack Error: "You cannot publish over the previously published version 3.9.0-2." : io-anyline-cordova
40 verbose stack     at makeError (/usr/local/lib/node_modules/npm/node_modules/npm-registry-client/lib/request.js:302:12)
40 verbose stack     at CachingRegistryClient.<anonymous> (/usr/local/lib/node_modules/npm/node_modules/npm-registry-client/lib/request.js:290:14)
40 verbose stack     at Request._callback (/usr/local/lib/node_modules/npm/node_modules/npm-registry-client/lib/request.js:210:14)
40 verbose stack     at Request.self.callback (/usr/local/lib/node_modules/npm/node_modules/request/request.js:187:22)
40 verbose stack     at emitTwo (events.js:106:13)
40 verbose stack     at Request.emit (events.js:191:7)
40 verbose stack     at Request.<anonymous> (/usr/local/lib/node_modules/npm/node_modules/request/request.js:1048:10)
40 verbose stack     at emitOne (events.js:96:13)
40 verbose stack     at Request.emit (events.js:188:7)
40 verbose stack     at IncomingMessage.<anonymous> (/usr/local/lib/node_modules/npm/node_modules/request/request.js:969:12)
41 verbose statusCode 403
42 verbose pkgid io-anyline-cordova
43 verbose cwd /Users/jonesBoi/Anyline/NewStuff/anyline-ocr-cordova-module
44 error Darwin 15.6.0
45 error argv "/usr/local/bin/node" "/usr/local/bin/npm" "publish"
46 error node v7.2.1
47 error npm  v3.10.10
48 error code E403
49 error "You cannot publish over the previously published version 3.9.0-2." : io-anyline-cordova
50 error If you need help, you may report this error at:
50 error     <https://github.com/npm/npm/issues>
51 verbose exit [ 1, true ]
